========================== ETHERNET IP Core Testbench results ===========================
 
  ***************************************************************************************
  ***************************************************************************************
  Heading: ACCESS TO MAC REGISTERS TEST                                                                        
  ***************************************************************************************
  ***************************************************************************************
 
    *************************************************************************************
    At time:                68509 
    Test: TEST 0: BYTE SELECTS ON 3 32-BIT READ-WRITE REGISTERS ( VARIOUS BUS DELAYS )                        
    reported *SUCCESSFULL*! 
    *************************************************************************************
 
    *************************************************************************************
    At time:               302749 
    Test: TEST 1: 'WALKING ONE' WITH SINGLE CYCLES ACROSS MAC REGISTERS ( VARIOUS BUS DELAYS )                
    reported *SUCCESSFULL*! 
    *************************************************************************************
 
    *************************************************************************************
    At time:              5383309 
    Test: TEST 2: 'WALKING ONE' WITH SINGLE CYCLES ACROSS MAC BUFFER DESC. ( VARIOUS BUS DELAYS )             
    reported *SUCCESSFULL*! 
    *************************************************************************************
 
    *************************************************************************************
    At time:              5399539 
    Test: TEST 3: MAX REG. VALUES AND REG. VALUES AFTER WRITING INVERSE RESET VALUES AND HARD RESET OF THE MAC
    reported *SUCCESSFULL*! 
    *************************************************************************************
 
    *************************************************************************************
    At time:              5645629 
    Test: TEST 4: BUFFER DESC. RAM PRESERVING VALUES AFTER HARD RESET OF THE MAC AND RESETING THE LOGIC       
    reported *SUCCESSFULL*! 
    *************************************************************************************
 
  ***************************************************************************************
  ***************************************************************************************
  Heading: MIIM MODULE TEST                                                                                    
  ***************************************************************************************
  ***************************************************************************************
 
    *************************************************************************************
    At time:              7595116 
    Test: TEST 0: CLOCK DIVIDER OF MII MANAGEMENT MODULE WITH ALL POSSIBLE FREQUENCES                         
    reported *SUCCESSFULL*! 
    *************************************************************************************
 
    *************************************************************************************
    At time:              7622389 
    Test: TEST 1: VARIOUS READINGS FROM 'REAL' PHY REGISTERS                                                  
    reported *SUCCESSFULL*! 
    *************************************************************************************
 
    *************************************************************************************
    At time:              7655569 
    Test: TEST 2: VARIOUS WRITINGS TO 'REAL' PHY REGISTERS ( CONTROL AND NON WRITABLE REGISTERS )             
    reported *SUCCESSFULL*! 
    *************************************************************************************
 
    *************************************************************************************
    At time:              7674529 
    Test: TEST 3: RESET PHY THROUGH MII MANAGEMENT MODULE                                                     
    reported *SUCCESSFULL*! 
    *************************************************************************************
 
    *************************************************************************************
    At time:              7750699 
    Test: TEST 4: 'WALKING ONE' ACROSS PHY ADDRESS ( WITH AND WITHOUT PREAMBLE )                              
    reported *SUCCESSFULL*! 
    *************************************************************************************
 
    *************************************************************************************
    At time:              7826899 
    Test: TEST 5: 'WALKING ONE' ACROSS PHY'S REGISTER ADDRESS ( WITH AND WITHOUT PREAMBLE )                   
    reported *SUCCESSFULL*! 
    *************************************************************************************
 
    *************************************************************************************
    At time:              8069359 
    Test: TEST 6: 'WALKING ONE' ACROSS PHY'S DATA ( WITH AND WITHOUT PREAMBLE )                               
    reported *SUCCESSFULL*! 
    *************************************************************************************
 
    *************************************************************************************
    At time:              8074099 
    Test: TEST 7: READING FROM PHY WITH WRONG PHY ADDRESS ( HOST READING HIGH 'Z' DATA )                      
    reported *SUCCESSFULL*! 
    *************************************************************************************
 
    *************************************************************************************
    At time:              8083579 
    Test: TEST 8: WRITING TO PHY WITH WRONG PHY ADDRESS AND READING FROM CORRECT ONE                          
    reported *SUCCESSFULL*! 
    *************************************************************************************
 
    *************************************************************************************
    At time:              9001879 
    Test: TEST 9: SLIDING STOP SCAN COMMAND IMMEDIATELY AFTER READ REQUEST ( WITH AND WITHOUT PREAMBLE )      
    reported *SUCCESSFULL*! 
    *************************************************************************************
 
    *************************************************************************************
    At time:              9930739 
    Test: TEST 10: SLIDING STOP SCAN COMMAND IMMEDIATELY AFTER WRITE REQUEST ( WITH AND WITHOUT PREAMBLE )    
    reported *SUCCESSFULL*! 
    *************************************************************************************
 
    *************************************************************************************
    At time:             10146949 
    Test: TEST 11: BUSY AND NVALID STATUS DURATIONS DURING WRITE ( WITH AND WITHOUT PREAMBLE )                
    reported *SUCCESSFULL*! 
    *************************************************************************************
 
    *************************************************************************************
    At time:             10363909 
    Test: TEST 12: BUSY AND NVALID STATUS DURATIONS DURING READ ( WITH AND WITHOUT PREAMBLE )                 
    reported *SUCCESSFULL*! 
    *************************************************************************************
 
    *************************************************************************************
    At time:             10580869 
    Test: TEST 13: BUSY AND NVALID STATUS DURATIONS DURING SCAN ( WITH AND WITHOUT PREAMBLE )                 
    reported *SUCCESSFULL*! 
    *************************************************************************************
 
    *************************************************************************************
    At time:             10725379 
    Test: TEST 14: SCAN STATUS FROM PHY WITH DETECTING LINK-FAIL BIT ( WITH AND WITHOUT PREAMBLE )            
    reported *SUCCESSFULL*! 
    *************************************************************************************
 
    *************************************************************************************
    At time:             12233659 
    Test: TEST 15: SCAN STATUS FROM PHY WITH SLIDING LINK-FAIL BIT ( WITH AND WITHOUT PREAMBLE )              
    reported *SUCCESSFULL*! 
    *************************************************************************************
 
    *************************************************************************************
    At time:             13189579 
    Test: TEST 16: SLIDING STOP SCAN COMMAND IMMEDIATELY AFTER SCAN REQUEST ( WITH AND WITHOUT PREAMBLE )     
    reported *SUCCESSFULL*! 
    *************************************************************************************
 
    *************************************************************************************
    At time:             14707999 
    Test: TEST 17: SLIDING STOP SCAN COMMAND AFTER 2. SCAN ( WITH AND WITHOUT PREAMBLE )                      
    reported *SUCCESSFULL*! 
    *************************************************************************************
 
 
NOTE: PHY generates ideal Carrier sense and Collision signals for following tests                         
 
  ***************************************************************************************
  ***************************************************************************************
  Heading: MAC FULL DUPLEX TRANSMIT TEST                                                                       
  ***************************************************************************************
  ***************************************************************************************
 
    *************************************************************************************
    At time:             15406279 
    Test: TEST 0: NO TRANSMIT WHEN ALL BUFFERS ARE RX ( 10Mbps )                                              
    reported *SUCCESSFULL*! 
    *************************************************************************************
 
    *************************************************************************************
    At time:             16040719 
    Test: TEST 1: NO TRANSMIT WHEN ALL BUFFERS ARE RX ( 100Mbps )                                             
    reported *SUCCESSFULL*! 
    *************************************************************************************
 
    *************************************************************************************
    At time:             49831159 
    Test: TEST 2: TRANSMIT PACKETS FROM MINFL TO MAXFL SIZES AT ONE TX BD ( 10Mbps )                          
    reported *SUCCESSFULL*! 
    *************************************************************************************
 
    *************************************************************************************
    At time:             53546959 
    Test: TEST 3: TRANSMIT PACKETS FROM MINFL TO MAXFL SIZES AT ONE TX BD ( 100Mbps )                         
    reported *SUCCESSFULL*! 
    *************************************************************************************
 
    *************************************************************************************
    At time:             95455995 
    Test: TEST 4: TRANSMIT PACKETS FROM MINFL TO MAXFL SIZES AT MAX TX BDs ( 10Mbps )                         
    reported *SUCCESSFULL*! 
    *************************************************************************************
 
    *************************************************************************************
    At time:            100074075 
    Test: TEST 5: TRANSMIT PACKETS FROM MINFL TO MAXFL SIZES AT MAX TX BDs ( 100Mbps )                        
    reported *SUCCESSFULL*! 
    *************************************************************************************
 
    *************************************************************************************
    At time:            104465715 
    Test: TEST 6: TRANSMIT PACKETS FROM 0 TO (MINFL - 1) SIZES AT 8 TX BD ( 10Mbps )                          
    reported *SUCCESSFULL*! 
    *************************************************************************************
 
    *************************************************************************************
    At time:            105071235 
    Test: TEST 7: TRANSMIT PACKETS FROM 0 TO (MINFL - 1) SIZES AT 8 TX BD ( 100Mbps )                         
    reported *SUCCESSFULL*! 
    *************************************************************************************
 
    *************************************************************************************
    At time:            108158355 
    Test: TEST 8: TRANSMIT PACKETS (NO PADs) FROM 0 TO (MINFL - 1) SIZES AT 8 TX BD ( 10Mbps )                
    reported *SUCCESSFULL*! 
    *************************************************************************************
 
    *************************************************************************************
    At time:            108633195 
    Test: TEST 9: TRANSMIT PACKETS (NO PADs) FROM 0 TO (MINFL - 1) SIZES AT 8 TX BD ( 100Mbps )               
    reported *SUCCESSFULL*! 
    *************************************************************************************
 
    *************************************************************************************
    At time:            112462785 
    Test: TEST 10: TRANSMIT PACKETS ACROSS MAXFL VALUE AT 13 TX BDs ( 10Mbps )                                
    reported *SUCCESSFULL*! 
    *************************************************************************************
 
    *************************************************************************************
    At time:            112860495 
    Test: TEST 11: TRANSMIT PACKETS ACROSS MAXFL VALUE AT 13 TX BDs ( 100Mbps )                               
    reported *SUCCESSFULL*! 
    *************************************************************************************
 
    *************************************************************************************
    At time:            113188365 
    Test: TEST 12: TRANSMIT PACKETS ACROSS CHANGED MAXFL VALUE AT 13 TX BDs ( 10Mbps )                        
    reported *SUCCESSFULL*! 
    *************************************************************************************
 
    *************************************************************************************
    At time:            113230515 
    Test: TEST 13: TRANSMIT PACKETS ACROSS CHANGED MAXFL VALUE AT 13 TX BDs ( 100Mbps )                       
    reported *SUCCESSFULL*! 
    *************************************************************************************
 
    *************************************************************************************
    At time:            116538825 
    Test: TEST 14: TRANSMIT PACKETS ACROSS CHANGED MINFL VALUE AT 7 TX BDs ( 10Mbps )                         
    reported *SUCCESSFULL*! 
    *************************************************************************************
 
    *************************************************************************************
    At time:            116879415 
    Test: TEST 15: TRANSMIT PACKETS ACROSS CHANGED MINFL VALUE AT 7 TX BDs ( 100Mbps )                        
    reported *SUCCESSFULL*! 
    *************************************************************************************
 
    *************************************************************************************
    At time:            225524925 
    Test: TEST 16: TRANSMIT PACKETS ACROSS MAXFL WITH HUGEN AT 19 TX BDs ( 10Mbps )                           
    reported *SUCCESSFULL*! 
    *************************************************************************************
 
    *************************************************************************************
    At time:            236434755 
    Test: TEST 17: TRANSMIT PACKETS ACROSS MAXFL WITH HUGEN AT 19 TX BDs ( 100Mbps )                          
    reported *SUCCESSFULL*! 
    *************************************************************************************
 
    *************************************************************************************
    At time:            238492905 
    Test: TEST 18: IPG DURING BACK-TO-BACK TRANSMIT AT 88 TX BDs ( 10Mbps )                                   
    reported *SUCCESSFULL*! 
    *************************************************************************************
 
    *************************************************************************************
    At time:            238758615 
    Test: TEST 19: IPG DURING BACK-TO-BACK TRANSMIT AT 88 TX BDs ( 100Mbps )                                  
    reported *SUCCESSFULL*! 
    *************************************************************************************
 
    *************************************************************************************
    At time:            242552685 
    Test: TEST 20: TRANSMIT PACKETS AFTER TX UNDER-RUN ON EACH PACKET's BYTE AT 2 TX BDs ( 10Mbps )           
    reported *SUCCESSFULL*! 
    *************************************************************************************
 
    *************************************************************************************
    At time:            243028635 
    Test: TEST 21: TRANSMIT PACKETS AFTER TX UNDER-RUN ON EACH PACKET's BYTE AT 2 TX BDs ( 100Mbps )          
    reported *SUCCESSFULL*! 
    *************************************************************************************
 
    *************************************************************************************
    At time:            276818449 
    Test: TEST 22: TRANSMIT PACKETS (DELAYED CRC) FROM MINFL TO MAXFL SIZES AT ONE TX BD ( 10Mbps )           
    reported *SUCCESSFULL*! 
    *************************************************************************************
 
    *************************************************************************************
    At time:            280490569 
    Test: TEST 23: TRANSMIT PACKETS (DELAYED CRC) FROM MINFL TO MAXFL SIZES AT ONE TX BD ( 100Mbps )          
    reported *SUCCESSFULL*! 
    *************************************************************************************
 
  ***************************************************************************************
  ***************************************************************************************
  Heading: MAC FULL DUPLEX RECEIVE TEST                                                                        
  ***************************************************************************************
  ***************************************************************************************
 
    *************************************************************************************
    At time:            290286289 
    Test: TEST 0: NO RECEIVE WHEN ALL BUFFERS ARE TX ( 10Mbps )                                               
    reported *SUCCESSFULL*! 
    *************************************************************************************
 
    *************************************************************************************
    At time:            291830809 
    Test: TEST 1: NO RECEIVE WHEN ALL BUFFERS ARE TX ( 100Mbps )                                              
    reported *SUCCESSFULL*! 
    *************************************************************************************
 
    *************************************************************************************
    At time:            332009689 
    Test: TEST 2: RECEIVE PACKET SYNCHRONIZATION WITH RECEIVE DISABLE/ENABLE ( 10Mbps )                       
    reported *SUCCESSFULL*! 
    *************************************************************************************
 
